# JRE version: Java(TM) SE Runtime Environment (8.0-b132) (build 1.8.0-b132)
# Java VM: Java HotSpot(TM) 64-Bit Server VM (25.0-b70 mixed mode windows-amd64 compressed oops)
Heap:
 PSYoungGen      total 38400K, used 29626K [0x00000000edb80000, 0x00000000f0c00000, 0x0000000100000000)
  eden space 33792K, 87% used [0x00000000edb80000,0x00000000ef86ea00,0x00000000efc80000)
  from space 4608K, 0% used [0x00000000f0380000,0x00000000f0380000,0x00000000f0800000)
  to   space 7168K, 0% used [0x00000000efc80000,0x00000000efc80000,0x00000000f0380000)
 ParOldGen       total 17408K, used 12752K [0x00000000c9200000, 0x00000000ca300000, 0x00000000edb80000)
  object space 17408K, 73% used [0x00000000c9200000,0x00000000c9e74190,0x00000000ca300000)
 Metaspace       used 33946K, capacity 34328K, committed 34688K, reserved 1079296K
  class space    used 4795K, capacity 4895K, committed 4992K, reserved 1048576K
GC Heap History (10 events):
Event: 3.720 GC heap before
{Heap before GC invocations=14 (full 0):
 PSYoungGen      total 19456K, used 16036K [0x00000000edb80000, 0x00000000efd00000, 0x0000000100000000)
  eden space 16896K, 79% used [0x00000000edb80000,0x00000000ee8ad4d8,0x00000000eec00000)
  from space 2560K, 99% used [0x00000000eec00000,0x00000000eee7bea0,0x00000000eee80000)
  to   space 3584K, 0% used [0x00000000ef980000,0x00000000ef980000,0x00000000efd00000)
 ParOldGen       total 55808K, used 6011K [0x00000000c9200000, 0x00000000cc880000, 0x00000000edb80000)
  object space 55808K, 10% used [0x00000000c9200000,0x00000000c97defd8,0x00000000cc880000)
 Metaspace       used 20981K, capacity 21132K, committed 21296K, reserved 1067008K
  class space    used 2822K, capacity 2861K, committed 2944K, reserved 1048576K
Event: 3.730 GC heap after
Heap after GC invocations=14 (full 0):
 PSYoungGen      total 30720K, used 2333K [0x00000000edb80000, 0x00000000efd00000, 0x0000000100000000)
  eden space 27136K, 0% used [0x00000000edb80000,0x00000000edb80000,0x00000000ef600000)
  from space 3584K, 65% used [0x00000000ef980000,0x00000000efbc7420,0x00000000efd00000)
  to   space 3584K, 0% used [0x00000000ef600000,0x00000000ef600000,0x00000000ef980000)
 ParOldGen       total 55808K, used 7036K [0x00000000c9200000, 0x00000000cc880000, 0x00000000edb80000)
  object space 55808K, 12% used [0x00000000c9200000,0x00000000c98df018,0x00000000cc880000)
 Metaspace       used 20981K, capacity 21132K, committed 21296K, reserved 1067008K
  class space    used 2822K, capacity 2861K, committed 2944K, reserved 1048576K
}
Event: 3.730 GC heap before
{Heap before GC invocations=15 (full 1):
 PSYoungGen      total 30720K, used 2333K [0x00000000edb80000, 0x00000000efd00000, 0x0000000100000000)
  eden space 27136K, 0% used [0x00000000edb80000,0x00000000edb80000,0x00000000ef600000)
  from space 3584K, 65% used [0x00000000ef980000,0x00000000efbc7420,0x00000000efd00000)
  to   space 3584K, 0% used [0x00000000ef600000,0x00000000ef600000,0x00000000ef980000)
 ParOldGen       total 55808K, used 7036K [0x00000000c9200000, 0x00000000cc880000, 0x00000000edb80000)
  object space 55808K, 12% used [0x00000000c9200000,0x00000000c98df018,0x00000000cc880000)
 Metaspace       used 20981K, capacity 21132K, committed 21296K, reserved 1067008K
  class space    used 2822K, capacity 2861K, committed 2944K, reserved 1048576K
Event: 3.852 GC heap after
Heap after GC invocations=15 (full 1):
 PSYoungGen      total 30720K, used 0K [0x00000000edb80000, 0x00000000efd00000, 0x0000000100000000)
  eden space 27136K, 0% used [0x00000000edb80000,0x00000000edb80000,0x00000000ef600000)
  from space 3584K, 0% used [0x00000000ef980000,0x00000000ef980000,0x00000000efd00000)
  to   space 3584K, 0% used [0x00000000ef600000,0x00000000ef600000,0x00000000ef980000)
 ParOldGen       total 10240K, used 7337K [0x00000000c9200000, 0x00000000c9c00000, 0x00000000edb80000)
  object space 10240K, 71% used [0x00000000c9200000,0x00000000c992a600,0x00000000c9c00000)
 Metaspace       used 20981K, capacity 21132K, committed 21296K, reserved 1067008K
  class space    used 2822K, capacity 2861K, committed 2944K, reserved 1048576K
}
Event: 5.145 GC heap before
{Heap before GC invocations=16 (full 1):
 PSYoungGen      total 30720K, used 27136K [0x00000000edb80000, 0x00000000efd00000, 0x0000000100000000)
  eden space 27136K, 100% used [0x00000000edb80000,0x00000000ef600000,0x00000000ef600000)
  from space 3584K, 0% used [0x00000000ef980000,0x00000000ef980000,0x00000000efd00000)
  to   space 3584K, 0% used [0x00000000ef600000,0x00000000ef600000,0x00000000ef980000)
 ParOldGen       total 10240K, used 7337K [0x00000000c9200000, 0x00000000c9c00000, 0x00000000edb80000)
  object space 10240K, 71% used [0x00000000c9200000,0x00000000c992a600,0x00000000c9c00000)
 Metaspace       used 24944K, capacity 25254K, committed 25600K, reserved 1071104K
  class space    used 3390K, capacity 3478K, committed 3584K, reserved 1048576K
Event: 5.157 GC heap after
Heap after GC invocations=16 (full 1):
 PSYoungGen      total 30720K, used 3552K [0x00000000edb80000, 0x00000000f0800000, 0x0000000100000000)
  eden space 27136K, 0% used [0x00000000edb80000,0x00000000edb80000,0x00000000ef600000)
  from space 3584K, 99% used [0x00000000ef600000,0x00000000ef978120,0x00000000ef980000)
  to   space 4608K, 0% used [0x00000000f0380000,0x00000000f0380000,0x00000000f0800000)
 ParOldGen       total 10240K, used 7618K [0x00000000c9200000, 0x00000000c9c00000, 0x00000000edb80000)
  object space 10240K, 74% used [0x00000000c9200000,0x00000000c9970a78,0x00000000c9c00000)
 Metaspace       used 24944K, capacity 25254K, committed 25600K, reserved 1071104K
  class space    used 3390K, capacity 3478K, committed 3584K, reserved 1048576K
}
Event: 8.362 GC heap before
{Heap before GC invocations=17 (full 1):
 PSYoungGen      total 30720K, used 30688K [0x00000000edb80000, 0x00000000f0800000, 0x0000000100000000)
  eden space 27136K, 100% used [0x00000000edb80000,0x00000000ef600000,0x00000000ef600000)
  from space 3584K, 99% used [0x00000000ef600000,0x00000000ef978120,0x00000000ef980000)
  to   space 4608K, 0% used [0x00000000f0380000,0x00000000f0380000,0x00000000f0800000)
 ParOldGen       total 10240K, used 7618K [0x00000000c9200000, 0x00000000c9c00000, 0x00000000edb80000)
  object space 10240K, 74% used [0x00000000c9200000,0x00000000c9970a78,0x00000000c9c00000)
 Metaspace       used 30903K, capacity 31218K, committed 31360K, reserved 1077248K
  class space    used 4342K, capacity 4426K, committed 4480K, reserved 1048576K
Event: 8.386 GC heap after
Heap after GC invocations=17 (full 1):
 PSYoungGen      total 38400K, used 4594K [0x00000000edb80000, 0x00000000f0c00000, 0x0000000100000000)
  eden space 33792K, 0% used [0x00000000edb80000,0x00000000edb80000,0x00000000efc80000)
  from space 4608K, 99% used [0x00000000f0380000,0x00000000f07fcac0,0x00000000f0800000)
  to   space 7168K, 0% used [0x00000000efc80000,0x00000000efc80000,0x00000000f0380000)
 ParOldGen       total 12800K, used 12041K [0x00000000c9200000, 0x00000000c9e80000, 0x00000000edb80000)
  object space 12800K, 94% used [0x00000000c9200000,0x00000000c9dc2748,0x00000000c9e80000)
 Metaspace       used 30903K, capacity 31218K, committed 31360K, reserved 1077248K
  class space    used 4342K, capacity 4426K, committed 4480K, reserved 1048576K
}
Event: 8.386 GC heap before
{Heap before GC invocations=18 (full 2):
 PSYoungGen      total 38400K, used 4594K [0x00000000edb80000, 0x00000000f0c00000, 0x0000000100000000)
  eden space 33792K, 0% used [0x00000000edb80000,0x00000000edb80000,0x00000000efc80000)
  from space 4608K, 99% used [0x00000000f0380000,0x00000000f07fcac0,0x00000000f0800000)
  to   space 7168K, 0% used [0x00000000efc80000,0x00000000efc80000,0x00000000f0380000)
 ParOldGen       total 12800K, used 12041K [0x00000000c9200000, 0x00000000c9e80000, 0x00000000edb80000)
  object space 12800K, 94% used [0x00000000c9200000,0x00000000c9dc2748,0x00000000c9e80000)
 Metaspace       used 30903K, capacity 31218K, committed 31360K, reserved 1077248K
  class space    used 4342K, capacity 4426K, committed 4480K, reserved 1048576K
Event: 8.496 GC heap after
Heap after GC invocations=18 (full 2):
 PSYoungGen      total 38400K, used 0K [0x00000000edb80000, 0x00000000f0c00000, 0x0000000100000000)
  eden space 33792K, 0% used [0x00000000edb80000,0x00000000edb80000,0x00000000efc80000)
  from space 4608K, 0% used [0x00000000f0380000,0x00000000f0380000,0x00000000f0800000)
  to   space 7168K, 0% used [0x00000000efc80000,0x00000000efc80000,0x00000000f0380000)
 ParOldGen       total 17408K, used 12752K [0x00000000c9200000, 0x00000000ca300000, 0x00000000edb80000)
  object space 17408K, 73% used [0x00000000c9200000,0x00000000c9e74190,0x00000000ca300000)
 Metaspace       used 30903K, capacity 31218K, committed 31360K, reserved 1077248K
  class space    used 4342K, capacity 4426K, committed 4480K, reserved 1048576K
}

