# JRE version: Java(TM) SE Runtime Environment (8.0-b132) (build 1.8.0-b132)
# Java VM: Java HotSpot(TM) 64-Bit Server VM (25.0-b70 mixed mode windows-amd64 compressed oops)
Heap:
 PSYoungGen      total 37888K, used 22115K [0x00000000edb80000, 0x00000000f0c00000, 0x0000000100000000)
  eden space 33280K, 66% used [0x00000000edb80000,0x00000000ef118e00,0x00000000efc00000)
  from space 4608K, 0% used [0x00000000f0300000,0x00000000f0300000,0x00000000f0780000)
  to   space 7168K, 0% used [0x00000000efc00000,0x00000000efc00000,0x00000000f0300000)
 ParOldGen       total 17408K, used 12707K [0x00000000c9200000, 0x00000000ca300000, 0x00000000edb80000)
  object space 17408K, 72% used [0x00000000c9200000,0x00000000c9e68cc0,0x00000000ca300000)
 Metaspace       used 33587K, capacity 34008K, committed 34432K, reserved 1079296K
  class space    used 4787K, capacity 4895K, committed 4992K, reserved 1048576K
GC Heap History (10 events):
Event: 3.637 GC heap before
{Heap before GC invocations=14 (full 0):
 PSYoungGen      total 19456K, used 15836K [0x00000000edb80000, 0x00000000efd00000, 0x0000000100000000)
  eden space 16896K, 78% used [0x00000000edb80000,0x00000000ee878038,0x00000000eec00000)
  from space 2560K, 99% used [0x00000000eec00000,0x00000000eee7f160,0x00000000eee80000)
  to   space 3584K, 0% used [0x00000000ef980000,0x00000000ef980000,0x00000000efd00000)
 ParOldGen       total 55808K, used 5933K [0x00000000c9200000, 0x00000000cc880000, 0x00000000edb80000)
  object space 55808K, 10% used [0x00000000c9200000,0x00000000c97cb598,0x00000000cc880000)
 Metaspace       used 20967K, capacity 21132K, committed 21296K, reserved 1067008K
  class space    used 2822K, capacity 2861K, committed 2944K, reserved 1048576K
Event: 3.647 GC heap after
Heap after GC invocations=14 (full 0):
 PSYoungGen      total 30720K, used 2383K [0x00000000edb80000, 0x00000000efd00000, 0x0000000100000000)
  eden space 27136K, 0% used [0x00000000edb80000,0x00000000edb80000,0x00000000ef600000)
  from space 3584K, 66% used [0x00000000ef980000,0x00000000efbd3d68,0x00000000efd00000)
  to   space 3584K, 0% used [0x00000000ef600000,0x00000000ef600000,0x00000000ef980000)
 ParOldGen       total 55808K, used 6965K [0x00000000c9200000, 0x00000000cc880000, 0x00000000edb80000)
  object space 55808K, 12% used [0x00000000c9200000,0x00000000c98cd5d8,0x00000000cc880000)
 Metaspace       used 20967K, capacity 21132K, committed 21296K, reserved 1067008K
  class space    used 2822K, capacity 2861K, committed 2944K, reserved 1048576K
}
Event: 3.647 GC heap before
{Heap before GC invocations=15 (full 1):
 PSYoungGen      total 30720K, used 2383K [0x00000000edb80000, 0x00000000efd00000, 0x0000000100000000)
  eden space 27136K, 0% used [0x00000000edb80000,0x00000000edb80000,0x00000000ef600000)
  from space 3584K, 66% used [0x00000000ef980000,0x00000000efbd3d68,0x00000000efd00000)
  to   space 3584K, 0% used [0x00000000ef600000,0x00000000ef600000,0x00000000ef980000)
 ParOldGen       total 55808K, used 6965K [0x00000000c9200000, 0x00000000cc880000, 0x00000000edb80000)
  object space 55808K, 12% used [0x00000000c9200000,0x00000000c98cd5d8,0x00000000cc880000)
 Metaspace       used 20967K, capacity 21132K, committed 21296K, reserved 1067008K
  class space    used 2822K, capacity 2861K, committed 2944K, reserved 1048576K
Event: 3.766 GC heap after
Heap after GC invocations=15 (full 1):
 PSYoungGen      total 30720K, used 0K [0x00000000edb80000, 0x00000000efd00000, 0x0000000100000000)
  eden space 27136K, 0% used [0x00000000edb80000,0x00000000edb80000,0x00000000ef600000)
  from space 3584K, 0% used [0x00000000ef980000,0x00000000ef980000,0x00000000efd00000)
  to   space 3584K, 0% used [0x00000000ef600000,0x00000000ef600000,0x00000000ef980000)
 ParOldGen       total 10240K, used 7338K [0x00000000c9200000, 0x00000000c9c00000, 0x00000000edb80000)
  object space 10240K, 71% used [0x00000000c9200000,0x00000000c992a9d8,0x00000000c9c00000)
 Metaspace       used 20967K, capacity 21132K, committed 21296K, reserved 1067008K
  class space    used 2822K, capacity 2861K, committed 2944K, reserved 1048576K
}
Event: 5.082 GC heap before
{Heap before GC invocations=16 (full 1):
 PSYoungGen      total 30720K, used 27136K [0x00000000edb80000, 0x00000000efd00000, 0x0000000100000000)
  eden space 27136K, 100% used [0x00000000edb80000,0x00000000ef600000,0x00000000ef600000)
  from space 3584K, 0% used [0x00000000ef980000,0x00000000ef980000,0x00000000efd00000)
  to   space 3584K, 0% used [0x00000000ef600000,0x00000000ef600000,0x00000000ef980000)
 ParOldGen       total 10240K, used 7338K [0x00000000c9200000, 0x00000000c9c00000, 0x00000000edb80000)
  object space 10240K, 71% used [0x00000000c9200000,0x00000000c992a9d8,0x00000000c9c00000)
 Metaspace       used 24948K, capacity 25320K, committed 25600K, reserved 1071104K
  class space    used 3389K, capacity 3479K, committed 3584K, reserved 1048576K
Event: 5.092 GC heap after
Heap after GC invocations=16 (full 1):
 PSYoungGen      total 30720K, used 3575K [0x00000000edb80000, 0x00000000f0780000, 0x0000000100000000)
  eden space 27136K, 0% used [0x00000000edb80000,0x00000000edb80000,0x00000000ef600000)
  from space 3584K, 99% used [0x00000000ef600000,0x00000000ef97df40,0x00000000ef980000)
  to   space 4608K, 0% used [0x00000000f0300000,0x00000000f0300000,0x00000000f0780000)
 ParOldGen       total 10240K, used 7611K [0x00000000c9200000, 0x00000000c9c00000, 0x00000000edb80000)
  object space 10240K, 74% used [0x00000000c9200000,0x00000000c996ee50,0x00000000c9c00000)
 Metaspace       used 24948K, capacity 25320K, committed 25600K, reserved 1071104K
  class space    used 3389K, capacity 3479K, committed 3584K, reserved 1048576K
}
Event: 8.561 GC heap before
{Heap before GC invocations=17 (full 1):
 PSYoungGen      total 30720K, used 30711K [0x00000000edb80000, 0x00000000f0780000, 0x0000000100000000)
  eden space 27136K, 100% used [0x00000000edb80000,0x00000000ef600000,0x00000000ef600000)
  from space 3584K, 99% used [0x00000000ef600000,0x00000000ef97df40,0x00000000ef980000)
  to   space 4608K, 0% used [0x00000000f0300000,0x00000000f0300000,0x00000000f0780000)
 ParOldGen       total 10240K, used 7611K [0x00000000c9200000, 0x00000000c9c00000, 0x00000000edb80000)
  object space 10240K, 74% used [0x00000000c9200000,0x00000000c996ee50,0x00000000c9c00000)
 Metaspace       used 30859K, capacity 31218K, committed 31360K, reserved 1077248K
  class space    used 4339K, capacity 4426K, committed 4480K, reserved 1048576K
Event: 8.581 GC heap after
Heap after GC invocations=17 (full 1):
 PSYoungGen      total 37888K, used 4594K [0x00000000edb80000, 0x00000000f0c00000, 0x0000000100000000)
  eden space 33280K, 0% used [0x00000000edb80000,0x00000000edb80000,0x00000000efc00000)
  from space 4608K, 99% used [0x00000000f0300000,0x00000000f077cac0,0x00000000f0780000)
  to   space 7168K, 0% used [0x00000000efc00000,0x00000000efc00000,0x00000000f0300000)
 ParOldGen       total 12800K, used 12015K [0x00000000c9200000, 0x00000000c9e80000, 0x00000000edb80000)
  object space 12800K, 93% used [0x00000000c9200000,0x00000000c9dbbfa0,0x00000000c9e80000)
 Metaspace       used 30859K, capacity 31218K, committed 31360K, reserved 1077248K
  class space    used 4339K, capacity 4426K, committed 4480K, reserved 1048576K
}
Event: 8.581 GC heap before
{Heap before GC invocations=18 (full 2):
 PSYoungGen      total 37888K, used 4594K [0x00000000edb80000, 0x00000000f0c00000, 0x0000000100000000)
  eden space 33280K, 0% used [0x00000000edb80000,0x00000000edb80000,0x00000000efc00000)
  from space 4608K, 99% used [0x00000000f0300000,0x00000000f077cac0,0x00000000f0780000)
  to   space 7168K, 0% used [0x00000000efc00000,0x00000000efc00000,0x00000000f0300000)
 ParOldGen       total 12800K, used 12015K [0x00000000c9200000, 0x00000000c9e80000, 0x00000000edb80000)
  object space 12800K, 93% used [0x00000000c9200000,0x00000000c9dbbfa0,0x00000000c9e80000)
 Metaspace       used 30859K, capacity 31218K, committed 31360K, reserved 1077248K
  class space    used 4339K, capacity 4426K, committed 4480K, reserved 1048576K
Event: 8.675 GC heap after
Heap after GC invocations=18 (full 2):
 PSYoungGen      total 37888K, used 0K [0x00000000edb80000, 0x00000000f0c00000, 0x0000000100000000)
  eden space 33280K, 0% used [0x00000000edb80000,0x00000000edb80000,0x00000000efc00000)
  from space 4608K, 0% used [0x00000000f0300000,0x00000000f0300000,0x00000000f0780000)
  to   space 7168K, 0% used [0x00000000efc00000,0x00000000efc00000,0x00000000f0300000)
 ParOldGen       total 17408K, used 12707K [0x00000000c9200000, 0x00000000ca300000, 0x00000000edb80000)
  object space 17408K, 72% used [0x00000000c9200000,0x00000000c9e68cc0,0x00000000ca300000)
 Metaspace       used 30859K, capacity 31218K, committed 31360K, reserved 1077248K
  class space    used 4339K, capacity 4426K, committed 4480K, reserved 1048576K
}

